<?xml version="1.0" encoding="UTF-8"?>
<!-- Generated by org.testng.reporters.JUnitReportReporter -->
<testsuite skipped="0" hostname="DESKTOP-L8G2459" name="MAIN.NewTest" tests="1" failures="0" timestamp="2022-03-22T15:24:39 IST" time="305.216" errors="0">
  <testcase name="f" time="305.216" classname="MAIN.NewTest"/>
  <system-out/>
</testsuite> <!-- MAIN.NewTest -->
